
*** Running vivado
    with args -log design_1_adpt_out_0_0.vds -m64 -product Vivado -mode batch -messageDb vivado.pb -notrace -source design_1_adpt_out_0_0.tcl



****** Vivado v2024.2 (64-bit)
  **** SW Build 5239630 on Fri Nov 08 22:35:27 MST 2024
  **** IP Build 5239520 on Sun Nov 10 16:12:51 MST 2024
  **** SharedData Build 5239561 on Fri Nov 08 14:39:27 MST 2024
  **** Start of session at: Tue Apr 29 15:20:48 2025
    ** Copyright 1986-2022 Xilinx, Inc. All Rights Reserved.
    ** Copyright 2022-2024 Advanced Micro Devices, Inc. All Rights Reserved.

source design_1_adpt_out_0_0.tcl -notrace
INFO: [IP_Flow 19-234] Refreshing IP repositories
INFO: [IP_Flow 19-1700] Loaded user IP repository 'd:/30726/Desktop/lesson/computer_compose/project/experiment_10/ip_repo'.
INFO: [IP_Flow 19-2313] Loaded Vivado IP repository 'D:/Vivado/Vivado/2024.2/data/ip'.
WARNING: [IP_Flow 19-4995] The host OS only allows 260 characters in a normal path. The IP cache path is more than 80 characters. If you experience issues with IP caching, please consider changing the IP cache to a location with a shorter path. Alternately consider using the OS subst command to map part of the path to a drive letter. 
Current IP cache path is d:/30726/Desktop/lesson/computer_compose/project/experiment_10/project_1/project_1.cache/ip 
Command: synth_design -top design_1_adpt_out_0_0 -part xc7z020clg400-1 -incremental_mode off -mode out_of_context
Starting synth_design
Attempting to get a license for feature 'Synthesis' and/or device 'xc7z020'
INFO: [Common 17-349] Got license for feature 'Synthesis' and/or device 'xc7z020'
INFO: [Device 21-403] Loading part xc7z020clg400-1
INFO: [Synth 8-7079] Multithreading enabled for synth_design using a maximum of 2 processes.
INFO: [Synth 8-7078] Launching helper process for spawning children vivado processes
INFO: [Synth 8-7075] Helper process launched with PID 39708
---------------------------------------------------------------------------------
Starting RTL Elaboration : Time (s): cpu = 00:00:05 ; elapsed = 00:00:05 . Memory (MB): peak = 1080.266 ; gain = 466.586
---------------------------------------------------------------------------------
INFO: [Synth 8-6157] synthesizing module 'design_1_adpt_out_0_0' [d:/30726/Desktop/lesson/computer_compose/project/experiment_10/project_1/project_1.gen/sources_1/bd/design_1/ip/design_1_adpt_out_0_0/synth/design_1_adpt_out_0_0.v:53]
INFO: [Synth 8-6157] synthesizing module 'adpt_out' [D:/30726/Desktop/lesson/computer_compose/project/experiment_10/exp10_source_v20250423.v:18]
	Parameter SCAN_DELAY bound to: 100000 - type: integer 
INFO: [Synth 8-6155] done synthesizing module 'adpt_out' (0#1) [D:/30726/Desktop/lesson/computer_compose/project/experiment_10/exp10_source_v20250423.v:18]
INFO: [Synth 8-6155] done synthesizing module 'design_1_adpt_out_0_0' (0#1) [d:/30726/Desktop/lesson/computer_compose/project/experiment_10/project_1/project_1.gen/sources_1/bd/design_1/ip/design_1_adpt_out_0_0/synth/design_1_adpt_out_0_0.v:53]
---------------------------------------------------------------------------------
Finished RTL Elaboration : Time (s): cpu = 00:00:06 ; elapsed = 00:00:07 . Memory (MB): peak = 1190.484 ; gain = 576.805
---------------------------------------------------------------------------------
---------------------------------------------------------------------------------
Start Handling Custom Attributes
---------------------------------------------------------------------------------
---------------------------------------------------------------------------------
Finished Handling Custom Attributes : Time (s): cpu = 00:00:06 ; elapsed = 00:00:07 . Memory (MB): peak = 1190.484 ; gain = 576.805
---------------------------------------------------------------------------------
---------------------------------------------------------------------------------
Finished RTL Optimization Phase 1 : Time (s): cpu = 00:00:06 ; elapsed = 00:00:07 . Memory (MB): peak = 1190.484 ; gain = 576.805
---------------------------------------------------------------------------------
Netlist sorting complete. Time (s): cpu = 00:00:00 ; elapsed = 00:00:00.002 . Memory (MB): peak = 1190.484 ; gain = 0.000
INFO: [Project 1-570] Preparing netlist for logic optimization

Processing XDC Constraints
Initializing timing engine
Completed Processing XDC Constraints

Netlist sorting complete. Time (s): cpu = 00:00:00 ; elapsed = 00:00:00 . Memory (MB): peak = 1269.035 ; gain = 0.000
INFO: [Project 1-111] Unisim Transformation Summary:
No Unisim elements were transformed.

Constraint Validation Runtime : Time (s): cpu = 00:00:00 ; elapsed = 00:00:00.023 . Memory (MB): peak = 1269.781 ; gain = 0.746
INFO: [Designutils 20-5008] Incremental synthesis strategy off
---------------------------------------------------------------------------------
Finished Constraint Validation : Time (s): cpu = 00:00:11 ; elapsed = 00:00:14 . Memory (MB): peak = 1269.781 ; gain = 656.102
---------------------------------------------------------------------------------
---------------------------------------------------------------------------------
Start Loading Part and Timing Information
---------------------------------------------------------------------------------
Loading part: xc7z020clg400-1
---------------------------------------------------------------------------------
Finished Loading Part and Timing Information : Time (s): cpu = 00:00:11 ; elapsed = 00:00:14 . Memory (MB): peak = 1269.781 ; gain = 656.102
---------------------------------------------------------------------------------
---------------------------------------------------------------------------------
Start Applying 'set_property' XDC Constraints
---------------------------------------------------------------------------------
---------------------------------------------------------------------------------
Finished applying 'set_property' XDC Constraints : Time (s): cpu = 00:00:11 ; elapsed = 00:00:14 . Memory (MB): peak = 1269.781 ; gain = 656.102
---------------------------------------------------------------------------------
---------------------------------------------------------------------------------
Finished RTL Optimization Phase 2 : Time (s): cpu = 00:00:12 ; elapsed = 00:00:14 . Memory (MB): peak = 1269.781 ; gain = 656.102
---------------------------------------------------------------------------------
---------------------------------------------------------------------------------
Start RTL Component Statistics 
---------------------------------------------------------------------------------
Detailed RTL Component Info : 
+---Adders : 
	   2 Input    4 Bit       Adders := 1     
+---Registers : 
	                4 Bit    Registers := 1     
+---Muxes : 
	   2 Input    4 Bit        Muxes := 2     
---------------------------------------------------------------------------------
Finished RTL Component Statistics 
---------------------------------------------------------------------------------
---------------------------------------------------------------------------------
Start Part Resource Summary
---------------------------------------------------------------------------------
Part Resources:
DSPs: 220 (col length:60)
BRAMs: 280 (col length: RAMB18 60 RAMB36 30)
---------------------------------------------------------------------------------
Finished Part Resource Summary
---------------------------------------------------------------------------------
---------------------------------------------------------------------------------
Start Cross Boundary and Area Optimization
---------------------------------------------------------------------------------
WARNING: [Synth 8-7080] Parallel synthesis criteria is not met
INFO: [Synth 8-3917] design design_1_adpt_out_0_0 has port led[31] driven by constant 1
INFO: [Synth 8-3917] design design_1_adpt_out_0_0 has port led[30] driven by constant 1
INFO: [Synth 8-3917] design design_1_adpt_out_0_0 has port led[29] driven by constant 1
INFO: [Synth 8-3917] design design_1_adpt_out_0_0 has port led[28] driven by constant 1
INFO: [Synth 8-3917] design design_1_adpt_out_0_0 has port led[27] driven by constant 1
INFO: [Synth 8-3917] design design_1_adpt_out_0_0 has port led[26] driven by constant 1
INFO: [Synth 8-3917] design design_1_adpt_out_0_0 has port led[25] driven by constant 1
INFO: [Synth 8-3917] design design_1_adpt_out_0_0 has port led[24] driven by constant 1
INFO: [Synth 8-3917] design design_1_adpt_out_0_0 has port led[23] driven by constant 1
INFO: [Synth 8-3917] design design_1_adpt_out_0_0 has port led[22] driven by constant 1
INFO: [Synth 8-3917] design design_1_adpt_out_0_0 has port led[21] driven by constant 1
INFO: [Synth 8-3917] design design_1_adpt_out_0_0 has port led[20] driven by constant 1
INFO: [Synth 8-3917] design design_1_adpt_out_0_0 has port led[19] driven by constant 1
INFO: [Synth 8-3917] design design_1_adpt_out_0_0 has port led[18] driven by constant 1
INFO: [Synth 8-3917] design design_1_adpt_out_0_0 has port led[17] driven by constant 1
INFO: [Synth 8-3917] design design_1_adpt_out_0_0 has port led[16] driven by constant 1
INFO: [Synth 8-3917] design design_1_adpt_out_0_0 has port led[15] driven by constant 1
INFO: [Synth 8-3917] design design_1_adpt_out_0_0 has port led[14] driven by constant 1
INFO: [Synth 8-3917] design design_1_adpt_out_0_0 has port led[13] driven by constant 1
INFO: [Synth 8-3917] design design_1_adpt_out_0_0 has port led[12] driven by constant 1
INFO: [Synth 8-3917] design design_1_adpt_out_0_0 has port led[11] driven by constant 1
INFO: [Synth 8-3917] design design_1_adpt_out_0_0 has port led[10] driven by constant 1
INFO: [Synth 8-3917] design design_1_adpt_out_0_0 has port led[9] driven by constant 1
INFO: [Synth 8-3917] design design_1_adpt_out_0_0 has port led[8] driven by constant 1
INFO: [Synth 8-3917] design design_1_adpt_out_0_0 has port led[7] driven by constant 1
INFO: [Synth 8-3917] design design_1_adpt_out_0_0 has port led[6] driven by constant 1
INFO: [Synth 8-3917] design design_1_adpt_out_0_0 has port seg_data[7] driven by constant 1
---------------------------------------------------------------------------------
Finished Cross Boundary and Area Optimization : Time (s): cpu = 00:00:13 ; elapsed = 00:00:17 . Memory (MB): peak = 1269.781 ; gain = 656.102
---------------------------------------------------------------------------------
---------------------------------------------------------------------------------
Start Applying XDC Timing Constraints
---------------------------------------------------------------------------------
---------------------------------------------------------------------------------
Finished Applying XDC Timing Constraints : Time (s): cpu = 00:00:18 ; elapsed = 00:00:22 . Memory (MB): peak = 1390.082 ; gain = 776.402
---------------------------------------------------------------------------------
---------------------------------------------------------------------------------
Start Timing Optimization
---------------------------------------------------------------------------------
---------------------------------------------------------------------------------
Finished Timing Optimization : Time (s): cpu = 00:00:18 ; elapsed = 00:00:22 . Memory (MB): peak = 1390.082 ; gain = 776.402
---------------------------------------------------------------------------------
---------------------------------------------------------------------------------
Start Technology Mapping
---------------------------------------------------------------------------------
---------------------------------------------------------------------------------
Finished Technology Mapping : Time (s): cpu = 00:00:18 ; elapsed = 00:00:23 . Memory (MB): peak = 1409.168 ; gain = 795.488
---------------------------------------------------------------------------------
---------------------------------------------------------------------------------
Start IO Insertion
---------------------------------------------------------------------------------
---------------------------------------------------------------------------------
Start Flattening Before IO Insertion
---------------------------------------------------------------------------------
---------------------------------------------------------------------------------
Finished Flattening Before IO Insertion
---------------------------------------------------------------------------------
---------------------------------------------------------------------------------
Start Final Netlist Cleanup
---------------------------------------------------------------------------------
---------------------------------------------------------------------------------
Finished Final Netlist Cleanup
---------------------------------------------------------------------------------
---------------------------------------------------------------------------------
Finished IO Insertion : Time (s): cpu = 00:00:20 ; elapsed = 00:00:26 . Memory (MB): peak = 1616.035 ; gain = 1002.355
---------------------------------------------------------------------------------
---------------------------------------------------------------------------------
Start Renaming Generated Instances
---------------------------------------------------------------------------------
---------------------------------------------------------------------------------
Finished Renaming Generated Instances : Time (s): cpu = 00:00:20 ; elapsed = 00:00:26 . Memory (MB): peak = 1616.035 ; gain = 1002.355
---------------------------------------------------------------------------------
---------------------------------------------------------------------------------
Start Rebuilding User Hierarchy
---------------------------------------------------------------------------------
---------------------------------------------------------------------------------
Finished Rebuilding User Hierarchy : Time (s): cpu = 00:00:20 ; elapsed = 00:00:26 . Memory (MB): peak = 1616.035 ; gain = 1002.355
---------------------------------------------------------------------------------
---------------------------------------------------------------------------------
Start Renaming Generated Ports
---------------------------------------------------------------------------------
---------------------------------------------------------------------------------
Finished Renaming Generated Ports : Time (s): cpu = 00:00:20 ; elapsed = 00:00:26 . Memory (MB): peak = 1616.035 ; gain = 1002.355
---------------------------------------------------------------------------------
---------------------------------------------------------------------------------
Start Handling Custom Attributes
---------------------------------------------------------------------------------
---------------------------------------------------------------------------------
Finished Handling Custom Attributes : Time (s): cpu = 00:00:20 ; elapsed = 00:00:26 . Memory (MB): peak = 1616.035 ; gain = 1002.355
---------------------------------------------------------------------------------
---------------------------------------------------------------------------------
Start Renaming Generated Nets
---------------------------------------------------------------------------------
---------------------------------------------------------------------------------
Finished Renaming Generated Nets : Time (s): cpu = 00:00:20 ; elapsed = 00:00:26 . Memory (MB): peak = 1616.035 ; gain = 1002.355
---------------------------------------------------------------------------------
---------------------------------------------------------------------------------
Start Writing Synthesis Report
---------------------------------------------------------------------------------

Report BlackBoxes: 
+-+--------------+----------+
| |BlackBox name |Instances |
+-+--------------+----------+
+-+--------------+----------+

Report Cell Usage: 
+------+-------+------+
|      |Cell   |Count |
+------+-------+------+
|1     |CARRY4 |     5|
|2     |LUT1   |     8|
|3     |LUT2   |     1|
|4     |LUT3   |     2|
|5     |LUT4   |    10|
|6     |LUT5   |     1|
|7     |LUT6   |    10|
|8     |FDRE   |    21|
+------+-------+------+
---------------------------------------------------------------------------------
Finished Writing Synthesis Report : Time (s): cpu = 00:00:20 ; elapsed = 00:00:26 . Memory (MB): peak = 1616.035 ; gain = 1002.355
---------------------------------------------------------------------------------
Synthesis finished with 0 errors, 0 critical warnings and 1 warnings.
Synthesis Optimization Runtime : Time (s): cpu = 00:00:13 ; elapsed = 00:00:25 . Memory (MB): peak = 1616.035 ; gain = 923.059
Synthesis Optimization Complete : Time (s): cpu = 00:00:20 ; elapsed = 00:00:26 . Memory (MB): peak = 1616.035 ; gain = 1002.355
INFO: [Project 1-571] Translating synthesized netlist
Netlist sorting complete. Time (s): cpu = 00:00:00 ; elapsed = 00:00:00.001 . Memory (MB): peak = 1625.148 ; gain = 0.000
INFO: [Netlist 29-17] Analyzing 5 Unisim elements for replacement
INFO: [Netlist 29-28] Unisim Transformation completed in 0 CPU seconds
INFO: [Project 1-570] Preparing netlist for logic optimization
INFO: [Opt 31-138] Pushed 0 inverter(s) to 0 load pin(s).
Netlist sorting complete. Time (s): cpu = 00:00:00 ; elapsed = 00:00:00 . Memory (MB): peak = 1628.855 ; gain = 0.000
INFO: [Project 1-111] Unisim Transformation Summary:
No Unisim elements were transformed.

Synth Design complete | Checksum: 2e0d23e5
INFO: [Common 17-83] Releasing license: Synthesis
49 Infos, 2 Warnings, 0 Critical Warnings and 0 Errors encountered.
synth_design completed successfully
synth_design: Time (s): cpu = 00:00:23 ; elapsed = 00:00:33 . Memory (MB): peak = 1628.855 ; gain = 1243.039
Write ShapeDB Complete: Time (s): cpu = 00:00:00 ; elapsed = 00:00:00.001 . Memory (MB): peak = 1628.855 ; gain = 0.000
INFO: [Common 17-1381] The checkpoint 'D:/30726/Desktop/lesson/computer_compose/project/experiment_10/project_1/project_1.runs/design_1_adpt_out_0_0_synth_1/design_1_adpt_out_0_0.dcp' has been generated.
INFO: [Vivado 12-24828] Executing command : report_utilization -file design_1_adpt_out_0_0_utilization_synth.rpt -pb design_1_adpt_out_0_0_utilization_synth.pb
INFO: [Common 17-206] Exiting Vivado at Tue Apr 29 15:21:27 2025...
