#-----------------------------------------------------------
# Vivado v2024.2 (64-bit)
# SW Build 5239630 on Fri Nov 08 22:35:27 MST 2024
# IP Build 5239520 on Sun Nov 10 16:12:51 MST 2024
# SharedData Build 5239561 on Fri Nov 08 14:39:27 MST 2024
# Start of session at: Tue May 13 14:22:37 2025
# Process ID         : 24956
# Current directory  : D:/30726/Desktop/lesson/computer_compose/project/experiment_8/project_1
# Command line       : vivado.exe -gui_launcher_event rodinguilauncherevent61768 D:\30726\Desktop\lesson\computer_compose\project\experiment_8\project_1\project_1.xpr
# Log file           : D:/30726/Desktop/lesson/computer_compose/project/experiment_8/project_1/vivado.log
# Journal file       : D:/30726/Desktop/lesson/computer_compose/project/experiment_8/project_1\vivado.jou
# Running On         : upfirst
# Platform           : Windows Server 2016 or Windows 10
# Operating System   : 22631
# Processor Detail   : 13th Gen Intel(R) Core(TM) i9-13900HX
# CPU Frequency      : 2419 MHz
# CPU Physical cores : 24
# CPU Logical cores  : 32
# Host memory        : 16907 MB
# Swap memory        : 7516 MB
# Total Virtual      : 24423 MB
# Available Virtual  : 4879 MB
#-----------------------------------------------------------
start_gui
open_project D:/30726/Desktop/lesson/computer_compose/project/experiment_8/project_1/project_1.xpr
Scanning sources...
Finished scanning sources
INFO: [IP_Flow 19-234] Refreshing IP repositories
INFO: [IP_Flow 19-1700] Loaded user IP repository 'd:/30726/Desktop/lesson/computer_compose/project/experiment_8/project_1/ip_repo'.
INFO: [IP_Flow 19-2313] Loaded Vivado IP repository 'D:/Vivado/Vivado/2024.2/data/ip'.
INFO: [Project 1-5579] Found utility IPs instantiated in one or more block designs which have equivalent inline hdl with improved performance and reduced diskspace. It is recommended to migrate these utility IPs to inline hdl using the command upgrade_project -migrate_to_inline_hdl. The utility IPs may be deprecated in future releases. More information on inline hdl is available in UG994.
open_project: Time (s): cpu = 00:00:10 ; elapsed = 00:00:15 . Memory (MB): peak = 1269.648 ; gain = 127.781
update_compile_order -fileset sources_1
open_bd_design {D:/30726/Desktop/lesson/computer_compose/project/experiment_8/project_1/project_1.srcs/sources_1/bd/design_1/design_1.bd}
Reading block design file <D:/30726/Desktop/lesson/computer_compose/project/experiment_8/project_1/project_1.srcs/sources_1/bd/design_1/design_1.bd>...
Adding component instance block -- educg.net:user:cg_fpga:1.4 - cg_fpga_0
Adding component instance block -- xilinx.com:module_ref:adpt_in:1.0 - adpt_in_0
Adding component instance block -- xilinx.com:module_ref:m74LS194:1.0 - m74LS194_0
Adding component instance block -- xilinx.com:module_ref:adpt_out:1.0 - adpt_out_0
Adding component instance block -- xilinx.com:module_ref:m74LS138:1.0 - m74LS138_0
Adding component instance block -- xilinx.com:module_ref:m74LS161:1.0 - m74LS161_0
Adding component instance block -- xilinx.com:module_ref:m74ls04:1.0 - m74ls04_0
Adding component instance block -- xilinx.com:ip:xlconstant:1.1 - xlconstant_0
Successfully read diagram <design_1> from block design file <D:/30726/Desktop/lesson/computer_compose/project/experiment_8/project_1/project_1.srcs/sources_1/bd/design_1/design_1.bd>
set_property location {4 -181 371} [get_bd_cells m74LS161_0]
exit
INFO: [Common 17-206] Exiting Vivado at Tue May 13 14:31:37 2025...
