
*** Running vivado
    with args -log design_1_adpt_in_0_1.vds -m64 -product Vivado -mode batch -messageDb vivado.pb -notrace -source design_1_adpt_in_0_1.tcl



****** Vivado v2024.2 (64-bit)
  **** SW Build 5239630 on Fri Nov 08 22:35:27 MST 2024
  **** IP Build 5239520 on Sun Nov 10 16:12:51 MST 2024
  **** SharedData Build 5239561 on Fri Nov 08 14:39:27 MST 2024
  **** Start of session at: Tue Apr  1 15:35:25 2025
    ** Copyright 1986-2022 Xilinx, Inc. All Rights Reserved.
    ** Copyright 2022-2024 Advanced Micro Devices, Inc. All Rights Reserved.

source design_1_adpt_in_0_1.tcl -notrace
INFO: [IP_Flow 19-234] Refreshing IP repositories
INFO: [IP_Flow 19-1700] Loaded user IP repository 'd:/30726/Desktop/lesson/computer_compose/project/experiment_6/project_1/ip_repo'.
INFO: [IP_Flow 19-1700] Loaded user IP repository 'd:/30726/Desktop/lesson/computer_compose/project/experiment_6/new'.
INFO: [IP_Flow 19-2313] Loaded Vivado IP repository 'D:/Vivado/Vivado/2024.2/data/ip'.
WARNING: [IP_Flow 19-4995] The host OS only allows 260 characters in a normal path. The IP cache path is more than 80 characters. If you experience issues with IP caching, please consider changing the IP cache to a location with a shorter path. Alternately consider using the OS subst command to map part of the path to a drive letter. 
Current IP cache path is d:/30726/Desktop/lesson/computer_compose/project/experiment_6/project_1/project_1.cache/ip 
Command: synth_design -top design_1_adpt_in_0_1 -part xc7z020clg400-1 -incremental_mode off -mode out_of_context
Starting synth_design
Attempting to get a license for feature 'Synthesis' and/or device 'xc7z020'
INFO: [Common 17-349] Got license for feature 'Synthesis' and/or device 'xc7z020'
INFO: [Device 21-403] Loading part xc7z020clg400-1
INFO: [Synth 8-7079] Multithreading enabled for synth_design using a maximum of 2 processes.
INFO: [Synth 8-7078] Launching helper process for spawning children vivado processes
INFO: [Synth 8-7075] Helper process launched with PID 17504
---------------------------------------------------------------------------------
Starting RTL Elaboration : Time (s): cpu = 00:00:14 ; elapsed = 00:00:20 . Memory (MB): peak = 1079.992 ; gain = 466.586
---------------------------------------------------------------------------------
WARNING: [Synth 8-11121] redeclaration of ANSI port 'Q3' is not allowed [D:/30726/Desktop/lesson/computer_compose/project/experiment_6/project_1/exp6_source.v:86]
WARNING: [Synth 8-11121] redeclaration of ANSI port 'Q2' is not allowed [D:/30726/Desktop/lesson/computer_compose/project/experiment_6/project_1/exp6_source.v:86]
WARNING: [Synth 8-11121] redeclaration of ANSI port 'Q1' is not allowed [D:/30726/Desktop/lesson/computer_compose/project/experiment_6/project_1/exp6_source.v:86]
WARNING: [Synth 8-11121] redeclaration of ANSI port 'Q0' is not allowed [D:/30726/Desktop/lesson/computer_compose/project/experiment_6/project_1/exp6_source.v:86]
INFO: [Synth 8-6157] synthesizing module 'design_1_adpt_in_0_1' [d:/30726/Desktop/lesson/computer_compose/project/experiment_6/project_1/project_1.gen/sources_1/bd/design_1/ip/design_1_adpt_in_0_1/synth/design_1_adpt_in_0_1.v:53]
INFO: [Synth 8-6157] synthesizing module 'adpt_in' [D:/30726/Desktop/lesson/computer_compose/project/experiment_6/project_1/exp6_source.v:1]
INFO: [Synth 8-6155] done synthesizing module 'adpt_in' (0#1) [D:/30726/Desktop/lesson/computer_compose/project/experiment_6/project_1/exp6_source.v:1]
INFO: [Synth 8-6155] done synthesizing module 'design_1_adpt_in_0_1' (0#1) [d:/30726/Desktop/lesson/computer_compose/project/experiment_6/project_1/project_1.gen/sources_1/bd/design_1/ip/design_1_adpt_in_0_1/synth/design_1_adpt_in_0_1.v:53]
WARNING: [Synth 8-7129] Port sw_a[31] in module adpt_in is either unconnected or has no load
WARNING: [Synth 8-7129] Port sw_a[30] in module adpt_in is either unconnected or has no load
WARNING: [Synth 8-7129] Port sw_a[29] in module adpt_in is either unconnected or has no load
WARNING: [Synth 8-7129] Port sw_a[28] in module adpt_in is either unconnected or has no load
WARNING: [Synth 8-7129] Port sw_a[27] in module adpt_in is either unconnected or has no load
WARNING: [Synth 8-7129] Port sw_a[26] in module adpt_in is either unconnected or has no load
WARNING: [Synth 8-7129] Port sw_a[25] in module adpt_in is either unconnected or has no load
WARNING: [Synth 8-7129] Port sw_a[24] in module adpt_in is either unconnected or has no load
WARNING: [Synth 8-7129] Port sw_a[23] in module adpt_in is either unconnected or has no load
WARNING: [Synth 8-7129] Port sw_a[22] in module adpt_in is either unconnected or has no load
WARNING: [Synth 8-7129] Port sw_a[21] in module adpt_in is either unconnected or has no load
WARNING: [Synth 8-7129] Port sw_a[20] in module adpt_in is either unconnected or has no load
WARNING: [Synth 8-7129] Port sw_a[19] in module adpt_in is either unconnected or has no load
WARNING: [Synth 8-7129] Port sw_a[18] in module adpt_in is either unconnected or has no load
WARNING: [Synth 8-7129] Port sw_a[17] in module adpt_in is either unconnected or has no load
WARNING: [Synth 8-7129] Port sw_a[16] in module adpt_in is either unconnected or has no load
WARNING: [Synth 8-7129] Port sw_a[15] in module adpt_in is either unconnected or has no load
WARNING: [Synth 8-7129] Port sw_a[14] in module adpt_in is either unconnected or has no load
WARNING: [Synth 8-7129] Port sw_a[13] in module adpt_in is either unconnected or has no load
WARNING: [Synth 8-7129] Port sw_a[12] in module adpt_in is either unconnected or has no load
WARNING: [Synth 8-7129] Port sw_a[11] in module adpt_in is either unconnected or has no load
WARNING: [Synth 8-7129] Port sw_a[10] in module adpt_in is either unconnected or has no load
WARNING: [Synth 8-7129] Port sw_a[9] in module adpt_in is either unconnected or has no load
WARNING: [Synth 8-7129] Port sw_a[8] in module adpt_in is either unconnected or has no load
WARNING: [Synth 8-7129] Port sw_a[7] in module adpt_in is either unconnected or has no load
WARNING: [Synth 8-7129] Port sw_a[6] in module adpt_in is either unconnected or has no load
WARNING: [Synth 8-7129] Port sw_a[5] in module adpt_in is either unconnected or has no load
WARNING: [Synth 8-7129] Port sw_a[4] in module adpt_in is either unconnected or has no load
WARNING: [Synth 8-7129] Port sw_b[31] in module adpt_in is either unconnected or has no load
WARNING: [Synth 8-7129] Port sw_b[30] in module adpt_in is either unconnected or has no load
WARNING: [Synth 8-7129] Port sw_b[29] in module adpt_in is either unconnected or has no load
WARNING: [Synth 8-7129] Port sw_b[28] in module adpt_in is either unconnected or has no load
WARNING: [Synth 8-7129] Port sw_b[27] in module adpt_in is either unconnected or has no load
WARNING: [Synth 8-7129] Port sw_b[26] in module adpt_in is either unconnected or has no load
WARNING: [Synth 8-7129] Port sw_b[25] in module adpt_in is either unconnected or has no load
WARNING: [Synth 8-7129] Port sw_b[24] in module adpt_in is either unconnected or has no load
WARNING: [Synth 8-7129] Port sw_b[23] in module adpt_in is either unconnected or has no load
WARNING: [Synth 8-7129] Port sw_b[22] in module adpt_in is either unconnected or has no load
WARNING: [Synth 8-7129] Port sw_b[21] in module adpt_in is either unconnected or has no load
WARNING: [Synth 8-7129] Port sw_b[20] in module adpt_in is either unconnected or has no load
WARNING: [Synth 8-7129] Port sw_b[19] in module adpt_in is either unconnected or has no load
WARNING: [Synth 8-7129] Port sw_b[18] in module adpt_in is either unconnected or has no load
WARNING: [Synth 8-7129] Port sw_b[17] in module adpt_in is either unconnected or has no load
WARNING: [Synth 8-7129] Port sw_b[16] in module adpt_in is either unconnected or has no load
WARNING: [Synth 8-7129] Port sw_b[15] in module adpt_in is either unconnected or has no load
WARNING: [Synth 8-7129] Port sw_b[14] in module adpt_in is either unconnected or has no load
WARNING: [Synth 8-7129] Port sw_b[13] in module adpt_in is either unconnected or has no load
WARNING: [Synth 8-7129] Port sw_b[12] in module adpt_in is either unconnected or has no load
WARNING: [Synth 8-7129] Port sw_b[11] in module adpt_in is either unconnected or has no load
WARNING: [Synth 8-7129] Port sw_b[10] in module adpt_in is either unconnected or has no load
WARNING: [Synth 8-7129] Port sw_b[9] in module adpt_in is either unconnected or has no load
WARNING: [Synth 8-7129] Port sw_b[8] in module adpt_in is either unconnected or has no load
WARNING: [Synth 8-7129] Port sw_b[7] in module adpt_in is either unconnected or has no load
WARNING: [Synth 8-7129] Port sw_b[6] in module adpt_in is either unconnected or has no load
WARNING: [Synth 8-7129] Port sw_b[5] in module adpt_in is either unconnected or has no load
WARNING: [Synth 8-7129] Port sw_b[4] in module adpt_in is either unconnected or has no load
WARNING: [Synth 8-7129] Port sw_b[3] in module adpt_in is either unconnected or has no load
WARNING: [Synth 8-7129] Port sw_b[2] in module adpt_in is either unconnected or has no load
WARNING: [Synth 8-7129] Port sw_b[1] in module adpt_in is either unconnected or has no load
---------------------------------------------------------------------------------
Finished RTL Elaboration : Time (s): cpu = 00:00:18 ; elapsed = 00:00:26 . Memory (MB): peak = 1190.645 ; gain = 577.238
---------------------------------------------------------------------------------
---------------------------------------------------------------------------------
Start Handling Custom Attributes
---------------------------------------------------------------------------------
---------------------------------------------------------------------------------
Finished Handling Custom Attributes : Time (s): cpu = 00:00:18 ; elapsed = 00:00:27 . Memory (MB): peak = 1190.645 ; gain = 577.238
---------------------------------------------------------------------------------
---------------------------------------------------------------------------------
Finished RTL Optimization Phase 1 : Time (s): cpu = 00:00:18 ; elapsed = 00:00:27 . Memory (MB): peak = 1190.645 ; gain = 577.238
---------------------------------------------------------------------------------
Netlist sorting complete. Time (s): cpu = 00:00:00 ; elapsed = 00:00:00.002 . Memory (MB): peak = 1190.645 ; gain = 0.000
INFO: [Project 1-570] Preparing netlist for logic optimization

Processing XDC Constraints
Initializing timing engine
Completed Processing XDC Constraints

Netlist sorting complete. Time (s): cpu = 00:00:00 ; elapsed = 00:00:00 . Memory (MB): peak = 1205.516 ; gain = 0.000
INFO: [Project 1-111] Unisim Transformation Summary:
No Unisim elements were transformed.

Constraint Validation Runtime : Time (s): cpu = 00:00:00 ; elapsed = 00:00:00.060 . Memory (MB): peak = 1205.559 ; gain = 0.043
INFO: [Designutils 20-5008] Incremental synthesis strategy off
---------------------------------------------------------------------------------
Finished Constraint Validation : Time (s): cpu = 00:00:37 ; elapsed = 00:00:56 . Memory (MB): peak = 1205.559 ; gain = 592.152
---------------------------------------------------------------------------------
---------------------------------------------------------------------------------
Start Loading Part and Timing Information
---------------------------------------------------------------------------------
Loading part: xc7z020clg400-1
---------------------------------------------------------------------------------
Finished Loading Part and Timing Information : Time (s): cpu = 00:00:37 ; elapsed = 00:00:56 . Memory (MB): peak = 1205.559 ; gain = 592.152
---------------------------------------------------------------------------------
---------------------------------------------------------------------------------
Start Applying 'set_property' XDC Constraints
---------------------------------------------------------------------------------
---------------------------------------------------------------------------------
Finished applying 'set_property' XDC Constraints : Time (s): cpu = 00:00:37 ; elapsed = 00:00:56 . Memory (MB): peak = 1205.559 ; gain = 592.152
---------------------------------------------------------------------------------
---------------------------------------------------------------------------------
Finished RTL Optimization Phase 2 : Time (s): cpu = 00:00:37 ; elapsed = 00:00:57 . Memory (MB): peak = 1205.559 ; gain = 592.152
---------------------------------------------------------------------------------
---------------------------------------------------------------------------------
Start RTL Component Statistics 
---------------------------------------------------------------------------------
Detailed RTL Component Info : 
---------------------------------------------------------------------------------
Finished RTL Component Statistics 
---------------------------------------------------------------------------------
---------------------------------------------------------------------------------
Start Part Resource Summary
---------------------------------------------------------------------------------
Part Resources:
DSPs: 220 (col length:60)
BRAMs: 280 (col length: RAMB18 60 RAMB36 30)
---------------------------------------------------------------------------------
Finished Part Resource Summary
---------------------------------------------------------------------------------
---------------------------------------------------------------------------------
Start Cross Boundary and Area Optimization
---------------------------------------------------------------------------------
WARNING: [Synth 8-7080] Parallel synthesis criteria is not met
WARNING: [Synth 8-7129] Port sw_a[31] in module design_1_adpt_in_0_1 is either unconnected or has no load
WARNING: [Synth 8-7129] Port sw_a[30] in module design_1_adpt_in_0_1 is either unconnected or has no load
WARNING: [Synth 8-7129] Port sw_a[29] in module design_1_adpt_in_0_1 is either unconnected or has no load
WARNING: [Synth 8-7129] Port sw_a[28] in module design_1_adpt_in_0_1 is either unconnected or has no load
WARNING: [Synth 8-7129] Port sw_a[27] in module design_1_adpt_in_0_1 is either unconnected or has no load
WARNING: [Synth 8-7129] Port sw_a[26] in module design_1_adpt_in_0_1 is either unconnected or has no load
WARNING: [Synth 8-7129] Port sw_a[25] in module design_1_adpt_in_0_1 is either unconnected or has no load
WARNING: [Synth 8-7129] Port sw_a[24] in module design_1_adpt_in_0_1 is either unconnected or has no load
WARNING: [Synth 8-7129] Port sw_a[23] in module design_1_adpt_in_0_1 is either unconnected or has no load
WARNING: [Synth 8-7129] Port sw_a[22] in module design_1_adpt_in_0_1 is either unconnected or has no load
WARNING: [Synth 8-7129] Port sw_a[21] in module design_1_adpt_in_0_1 is either unconnected or has no load
WARNING: [Synth 8-7129] Port sw_a[20] in module design_1_adpt_in_0_1 is either unconnected or has no load
WARNING: [Synth 8-7129] Port sw_a[19] in module design_1_adpt_in_0_1 is either unconnected or has no load
WARNING: [Synth 8-7129] Port sw_a[18] in module design_1_adpt_in_0_1 is either unconnected or has no load
WARNING: [Synth 8-7129] Port sw_a[17] in module design_1_adpt_in_0_1 is either unconnected or has no load
WARNING: [Synth 8-7129] Port sw_a[16] in module design_1_adpt_in_0_1 is either unconnected or has no load
WARNING: [Synth 8-7129] Port sw_a[15] in module design_1_adpt_in_0_1 is either unconnected or has no load
WARNING: [Synth 8-7129] Port sw_a[14] in module design_1_adpt_in_0_1 is either unconnected or has no load
WARNING: [Synth 8-7129] Port sw_a[13] in module design_1_adpt_in_0_1 is either unconnected or has no load
WARNING: [Synth 8-7129] Port sw_a[12] in module design_1_adpt_in_0_1 is either unconnected or has no load
WARNING: [Synth 8-7129] Port sw_a[11] in module design_1_adpt_in_0_1 is either unconnected or has no load
WARNING: [Synth 8-7129] Port sw_a[10] in module design_1_adpt_in_0_1 is either unconnected or has no load
WARNING: [Synth 8-7129] Port sw_a[9] in module design_1_adpt_in_0_1 is either unconnected or has no load
WARNING: [Synth 8-7129] Port sw_a[8] in module design_1_adpt_in_0_1 is either unconnected or has no load
WARNING: [Synth 8-7129] Port sw_a[7] in module design_1_adpt_in_0_1 is either unconnected or has no load
WARNING: [Synth 8-7129] Port sw_a[6] in module design_1_adpt_in_0_1 is either unconnected or has no load
WARNING: [Synth 8-7129] Port sw_a[5] in module design_1_adpt_in_0_1 is either unconnected or has no load
WARNING: [Synth 8-7129] Port sw_a[4] in module design_1_adpt_in_0_1 is either unconnected or has no load
WARNING: [Synth 8-7129] Port sw_b[31] in module design_1_adpt_in_0_1 is either unconnected or has no load
WARNING: [Synth 8-7129] Port sw_b[30] in module design_1_adpt_in_0_1 is either unconnected or has no load
WARNING: [Synth 8-7129] Port sw_b[29] in module design_1_adpt_in_0_1 is either unconnected or has no load
WARNING: [Synth 8-7129] Port sw_b[28] in module design_1_adpt_in_0_1 is either unconnected or has no load
WARNING: [Synth 8-7129] Port sw_b[27] in module design_1_adpt_in_0_1 is either unconnected or has no load
WARNING: [Synth 8-7129] Port sw_b[26] in module design_1_adpt_in_0_1 is either unconnected or has no load
WARNING: [Synth 8-7129] Port sw_b[25] in module design_1_adpt_in_0_1 is either unconnected or has no load
WARNING: [Synth 8-7129] Port sw_b[24] in module design_1_adpt_in_0_1 is either unconnected or has no load
WARNING: [Synth 8-7129] Port sw_b[23] in module design_1_adpt_in_0_1 is either unconnected or has no load
WARNING: [Synth 8-7129] Port sw_b[22] in module design_1_adpt_in_0_1 is either unconnected or has no load
WARNING: [Synth 8-7129] Port sw_b[21] in module design_1_adpt_in_0_1 is either unconnected or has no load
WARNING: [Synth 8-7129] Port sw_b[20] in module design_1_adpt_in_0_1 is either unconnected or has no load
WARNING: [Synth 8-7129] Port sw_b[19] in module design_1_adpt_in_0_1 is either unconnected or has no load
INFO: [Common 17-14] Message 'Synth 8-7129' appears 100 times and further instances of the messages will be disabled. Use the Tcl command set_msg_config to change the current settings.
---------------------------------------------------------------------------------
Finished Cross Boundary and Area Optimization : Time (s): cpu = 00:00:42 ; elapsed = 00:01:04 . Memory (MB): peak = 1205.707 ; gain = 592.301
---------------------------------------------------------------------------------
---------------------------------------------------------------------------------
Start Applying XDC Timing Constraints
---------------------------------------------------------------------------------
---------------------------------------------------------------------------------
Finished Applying XDC Timing Constraints : Time (s): cpu = 00:00:59 ; elapsed = 00:01:27 . Memory (MB): peak = 1368.922 ; gain = 755.516
---------------------------------------------------------------------------------
---------------------------------------------------------------------------------
Start Timing Optimization
---------------------------------------------------------------------------------
---------------------------------------------------------------------------------
Finished Timing Optimization : Time (s): cpu = 00:00:59 ; elapsed = 00:01:27 . Memory (MB): peak = 1368.922 ; gain = 755.516
---------------------------------------------------------------------------------
---------------------------------------------------------------------------------
Start Technology Mapping
---------------------------------------------------------------------------------
---------------------------------------------------------------------------------
Finished Technology Mapping : Time (s): cpu = 00:00:59 ; elapsed = 00:01:27 . Memory (MB): peak = 1378.629 ; gain = 765.223
---------------------------------------------------------------------------------
---------------------------------------------------------------------------------
Start IO Insertion
---------------------------------------------------------------------------------
---------------------------------------------------------------------------------
Start Flattening Before IO Insertion
---------------------------------------------------------------------------------
---------------------------------------------------------------------------------
Finished Flattening Before IO Insertion
---------------------------------------------------------------------------------
---------------------------------------------------------------------------------
Start Final Netlist Cleanup
---------------------------------------------------------------------------------
---------------------------------------------------------------------------------
Finished Final Netlist Cleanup
---------------------------------------------------------------------------------
---------------------------------------------------------------------------------
Finished IO Insertion : Time (s): cpu = 00:01:06 ; elapsed = 00:01:38 . Memory (MB): peak = 1595.344 ; gain = 981.938
---------------------------------------------------------------------------------
---------------------------------------------------------------------------------
Start Renaming Generated Instances
---------------------------------------------------------------------------------
---------------------------------------------------------------------------------
Finished Renaming Generated Instances : Time (s): cpu = 00:01:06 ; elapsed = 00:01:38 . Memory (MB): peak = 1595.344 ; gain = 981.938
---------------------------------------------------------------------------------
---------------------------------------------------------------------------------
Start Rebuilding User Hierarchy
---------------------------------------------------------------------------------
---------------------------------------------------------------------------------
Finished Rebuilding User Hierarchy : Time (s): cpu = 00:01:06 ; elapsed = 00:01:38 . Memory (MB): peak = 1595.344 ; gain = 981.938
---------------------------------------------------------------------------------
---------------------------------------------------------------------------------
Start Renaming Generated Ports
---------------------------------------------------------------------------------
---------------------------------------------------------------------------------
Finished Renaming Generated Ports : Time (s): cpu = 00:01:06 ; elapsed = 00:01:38 . Memory (MB): peak = 1595.344 ; gain = 981.938
---------------------------------------------------------------------------------
---------------------------------------------------------------------------------
Start Handling Custom Attributes
---------------------------------------------------------------------------------
---------------------------------------------------------------------------------
Finished Handling Custom Attributes : Time (s): cpu = 00:01:06 ; elapsed = 00:01:38 . Memory (MB): peak = 1595.344 ; gain = 981.938
---------------------------------------------------------------------------------
---------------------------------------------------------------------------------
Start Renaming Generated Nets
---------------------------------------------------------------------------------
---------------------------------------------------------------------------------
Finished Renaming Generated Nets : Time (s): cpu = 00:01:06 ; elapsed = 00:01:38 . Memory (MB): peak = 1595.344 ; gain = 981.938
---------------------------------------------------------------------------------
---------------------------------------------------------------------------------
Start Writing Synthesis Report
---------------------------------------------------------------------------------

Report BlackBoxes: 
+-+--------------+----------+
| |BlackBox name |Instances |
+-+--------------+----------+
+-+--------------+----------+

Report Cell Usage: 
+------+-----+------+
|      |Cell |Count |
+------+-----+------+
|1     |LUT1 |     6|
+------+-----+------+
---------------------------------------------------------------------------------
Finished Writing Synthesis Report : Time (s): cpu = 00:01:06 ; elapsed = 00:01:38 . Memory (MB): peak = 1595.344 ; gain = 981.938
---------------------------------------------------------------------------------
Synthesis finished with 0 errors, 0 critical warnings and 60 warnings.
Synthesis Optimization Runtime : Time (s): cpu = 00:00:43 ; elapsed = 00:01:32 . Memory (MB): peak = 1595.344 ; gain = 967.023
Synthesis Optimization Complete : Time (s): cpu = 00:01:06 ; elapsed = 00:01:38 . Memory (MB): peak = 1595.344 ; gain = 981.938
INFO: [Project 1-571] Translating synthesized netlist
Netlist sorting complete. Time (s): cpu = 00:00:00 ; elapsed = 00:00:00.001 . Memory (MB): peak = 1604.457 ; gain = 0.000
INFO: [Project 1-570] Preparing netlist for logic optimization
INFO: [Opt 31-138] Pushed 0 inverter(s) to 0 load pin(s).
Netlist sorting complete. Time (s): cpu = 00:00:00 ; elapsed = 00:00:00 . Memory (MB): peak = 1608.109 ; gain = 0.000
INFO: [Project 1-111] Unisim Transformation Summary:
No Unisim elements were transformed.

Synth Design complete | Checksum: 4a4eb1cf
INFO: [Common 17-83] Releasing license: Synthesis
22 Infos, 106 Warnings, 0 Critical Warnings and 0 Errors encountered.
synth_design completed successfully
synth_design: Time (s): cpu = 00:01:10 ; elapsed = 00:01:49 . Memory (MB): peak = 1608.109 ; gain = 1222.297
INFO: [Common 17-1381] The checkpoint 'D:/30726/Desktop/lesson/computer_compose/project/experiment_6/project_1/project_1.runs/design_1_adpt_in_0_1_synth_1/design_1_adpt_in_0_1.dcp' has been generated.
INFO: [Vivado 12-24828] Executing command : report_utilization -file design_1_adpt_in_0_1_utilization_synth.rpt -pb design_1_adpt_in_0_1_utilization_synth.pb
INFO: [Common 17-206] Exiting Vivado at Tue Apr  1 15:37:20 2025...
