
*** Running vivado
    with args -log design_1_xor2_1_0.vds -m64 -product Vivado -mode batch -messageDb vivado.pb -notrace -source design_1_xor2_1_0.tcl



****** Vivado v2024.2 (64-bit)
  **** SW Build 5239630 on Fri Nov 08 22:35:27 MST 2024
  **** IP Build 5239520 on Sun Nov 10 16:12:51 MST 2024
  **** SharedData Build 5239561 on Fri Nov 08 14:39:27 MST 2024
  **** Start of session at: Tue Apr  1 15:30:43 2025
    ** Copyright 1986-2022 Xilinx, Inc. All Rights Reserved.
    ** Copyright 2022-2024 Advanced Micro Devices, Inc. All Rights Reserved.

source design_1_xor2_1_0.tcl -notrace
INFO: [IP_Flow 19-234] Refreshing IP repositories
INFO: [IP_Flow 19-1700] Loaded user IP repository 'd:/30726/Desktop/lesson/computer_compose/project/experiment_6/project_1/ip_repo'.
INFO: [IP_Flow 19-1700] Loaded user IP repository 'd:/30726/Desktop/lesson/computer_compose/project/experiment_6/new'.
INFO: [IP_Flow 19-2313] Loaded Vivado IP repository 'D:/Vivado/Vivado/2024.2/data/ip'.
WARNING: [IP_Flow 19-4995] The host OS only allows 260 characters in a normal path. The IP cache path is more than 80 characters. If you experience issues with IP caching, please consider changing the IP cache to a location with a shorter path. Alternately consider using the OS subst command to map part of the path to a drive letter. 
Current IP cache path is d:/30726/Desktop/lesson/computer_compose/project/experiment_6/project_1/project_1.cache/ip 
Command: synth_design -top design_1_xor2_1_0 -part xc7z020clg400-1 -incremental_mode off -mode out_of_context
Starting synth_design
Attempting to get a license for feature 'Synthesis' and/or device 'xc7z020'
INFO: [Common 17-349] Got license for feature 'Synthesis' and/or device 'xc7z020'
INFO: [Device 21-403] Loading part xc7z020clg400-1
INFO: [Synth 8-7079] Multithreading enabled for synth_design using a maximum of 2 processes.
INFO: [Synth 8-7078] Launching helper process for spawning children vivado processes
INFO: [Synth 8-7075] Helper process launched with PID 8616
---------------------------------------------------------------------------------
Starting RTL Elaboration : Time (s): cpu = 00:00:03 ; elapsed = 00:00:07 . Memory (MB): peak = 1080.934 ; gain = 467.363
---------------------------------------------------------------------------------
WARNING: [Synth 8-11121] redeclaration of ANSI port 'Q3' is not allowed [D:/30726/Desktop/lesson/computer_compose/project/experiment_6/project_1/exp6_source.v:86]
WARNING: [Synth 8-11121] redeclaration of ANSI port 'Q2' is not allowed [D:/30726/Desktop/lesson/computer_compose/project/experiment_6/project_1/exp6_source.v:86]
WARNING: [Synth 8-11121] redeclaration of ANSI port 'Q1' is not allowed [D:/30726/Desktop/lesson/computer_compose/project/experiment_6/project_1/exp6_source.v:86]
WARNING: [Synth 8-11121] redeclaration of ANSI port 'Q0' is not allowed [D:/30726/Desktop/lesson/computer_compose/project/experiment_6/project_1/exp6_source.v:86]
INFO: [Synth 8-6157] synthesizing module 'design_1_xor2_1_0' [d:/30726/Desktop/lesson/computer_compose/project/experiment_6/project_1/project_1.gen/sources_1/bd/design_1/ip/design_1_xor2_1_0/synth/design_1_xor2_1_0.v:53]
INFO: [Synth 8-6157] synthesizing module 'xor2' [D:/30726/Desktop/lesson/computer_compose/project/experiment_6/project_1/exp6_source.v:60]
INFO: [Synth 8-6155] done synthesizing module 'xor2' (0#1) [D:/30726/Desktop/lesson/computer_compose/project/experiment_6/project_1/exp6_source.v:60]
INFO: [Synth 8-6155] done synthesizing module 'design_1_xor2_1_0' (0#1) [d:/30726/Desktop/lesson/computer_compose/project/experiment_6/project_1/project_1.gen/sources_1/bd/design_1/ip/design_1_xor2_1_0/synth/design_1_xor2_1_0.v:53]
---------------------------------------------------------------------------------
Finished RTL Elaboration : Time (s): cpu = 00:00:05 ; elapsed = 00:00:09 . Memory (MB): peak = 1190.883 ; gain = 577.312
---------------------------------------------------------------------------------
---------------------------------------------------------------------------------
Start Handling Custom Attributes
---------------------------------------------------------------------------------
---------------------------------------------------------------------------------
Finished Handling Custom Attributes : Time (s): cpu = 00:00:05 ; elapsed = 00:00:09 . Memory (MB): peak = 1190.883 ; gain = 577.312
---------------------------------------------------------------------------------
---------------------------------------------------------------------------------
Finished RTL Optimization Phase 1 : Time (s): cpu = 00:00:05 ; elapsed = 00:00:09 . Memory (MB): peak = 1190.883 ; gain = 577.312
---------------------------------------------------------------------------------
Netlist sorting complete. Time (s): cpu = 00:00:00 ; elapsed = 00:00:00 . Memory (MB): peak = 1190.883 ; gain = 0.000
INFO: [Project 1-570] Preparing netlist for logic optimization

Processing XDC Constraints
Initializing timing engine
Completed Processing XDC Constraints

Netlist sorting complete. Time (s): cpu = 00:00:00 ; elapsed = 00:00:00 . Memory (MB): peak = 1192.672 ; gain = 0.000
INFO: [Project 1-111] Unisim Transformation Summary:
No Unisim elements were transformed.

Constraint Validation Runtime : Time (s): cpu = 00:00:00 ; elapsed = 00:00:00.021 . Memory (MB): peak = 1192.809 ; gain = 0.137
INFO: [Designutils 20-5008] Incremental synthesis strategy off
---------------------------------------------------------------------------------
Finished Constraint Validation : Time (s): cpu = 00:00:11 ; elapsed = 00:00:17 . Memory (MB): peak = 1192.809 ; gain = 579.238
---------------------------------------------------------------------------------
---------------------------------------------------------------------------------
Start Loading Part and Timing Information
---------------------------------------------------------------------------------
Loading part: xc7z020clg400-1
---------------------------------------------------------------------------------
Finished Loading Part and Timing Information : Time (s): cpu = 00:00:11 ; elapsed = 00:00:17 . Memory (MB): peak = 1192.809 ; gain = 579.238
---------------------------------------------------------------------------------
---------------------------------------------------------------------------------
Start Applying 'set_property' XDC Constraints
---------------------------------------------------------------------------------
---------------------------------------------------------------------------------
Finished applying 'set_property' XDC Constraints : Time (s): cpu = 00:00:11 ; elapsed = 00:00:17 . Memory (MB): peak = 1192.809 ; gain = 579.238
---------------------------------------------------------------------------------
---------------------------------------------------------------------------------
Finished RTL Optimization Phase 2 : Time (s): cpu = 00:00:11 ; elapsed = 00:00:17 . Memory (MB): peak = 1192.809 ; gain = 579.238
---------------------------------------------------------------------------------
---------------------------------------------------------------------------------
Start RTL Component Statistics 
---------------------------------------------------------------------------------
Detailed RTL Component Info : 
+---XORs : 
	   2 Input      1 Bit         XORs := 1     
---------------------------------------------------------------------------------
Finished RTL Component Statistics 
---------------------------------------------------------------------------------
---------------------------------------------------------------------------------
Start Part Resource Summary
---------------------------------------------------------------------------------
Part Resources:
DSPs: 220 (col length:60)
BRAMs: 280 (col length: RAMB18 60 RAMB36 30)
---------------------------------------------------------------------------------
Finished Part Resource Summary
---------------------------------------------------------------------------------
---------------------------------------------------------------------------------
Start Cross Boundary and Area Optimization
---------------------------------------------------------------------------------
WARNING: [Synth 8-7080] Parallel synthesis criteria is not met
---------------------------------------------------------------------------------
Finished Cross Boundary and Area Optimization : Time (s): cpu = 00:00:13 ; elapsed = 00:00:19 . Memory (MB): peak = 1212.281 ; gain = 598.711
---------------------------------------------------------------------------------
---------------------------------------------------------------------------------
Start Applying XDC Timing Constraints
---------------------------------------------------------------------------------
---------------------------------------------------------------------------------
Finished Applying XDC Timing Constraints : Time (s): cpu = 00:00:17 ; elapsed = 00:00:27 . Memory (MB): peak = 1376.074 ; gain = 762.504
---------------------------------------------------------------------------------
---------------------------------------------------------------------------------
Start Timing Optimization
---------------------------------------------------------------------------------
---------------------------------------------------------------------------------
Finished Timing Optimization : Time (s): cpu = 00:00:17 ; elapsed = 00:00:27 . Memory (MB): peak = 1376.074 ; gain = 762.504
---------------------------------------------------------------------------------
---------------------------------------------------------------------------------
Start Technology Mapping
---------------------------------------------------------------------------------
---------------------------------------------------------------------------------
Finished Technology Mapping : Time (s): cpu = 00:00:17 ; elapsed = 00:00:27 . Memory (MB): peak = 1385.617 ; gain = 772.047
---------------------------------------------------------------------------------
---------------------------------------------------------------------------------
Start IO Insertion
---------------------------------------------------------------------------------
---------------------------------------------------------------------------------
Start Flattening Before IO Insertion
---------------------------------------------------------------------------------
---------------------------------------------------------------------------------
Finished Flattening Before IO Insertion
---------------------------------------------------------------------------------
---------------------------------------------------------------------------------
Start Final Netlist Cleanup
---------------------------------------------------------------------------------
---------------------------------------------------------------------------------
Finished Final Netlist Cleanup
---------------------------------------------------------------------------------
---------------------------------------------------------------------------------
Finished IO Insertion : Time (s): cpu = 00:00:20 ; elapsed = 00:00:32 . Memory (MB): peak = 1602.480 ; gain = 988.910
---------------------------------------------------------------------------------
---------------------------------------------------------------------------------
Start Renaming Generated Instances
---------------------------------------------------------------------------------
---------------------------------------------------------------------------------
Finished Renaming Generated Instances : Time (s): cpu = 00:00:20 ; elapsed = 00:00:32 . Memory (MB): peak = 1602.480 ; gain = 988.910
---------------------------------------------------------------------------------
---------------------------------------------------------------------------------
Start Rebuilding User Hierarchy
---------------------------------------------------------------------------------
---------------------------------------------------------------------------------
Finished Rebuilding User Hierarchy : Time (s): cpu = 00:00:20 ; elapsed = 00:00:32 . Memory (MB): peak = 1602.480 ; gain = 988.910
---------------------------------------------------------------------------------
---------------------------------------------------------------------------------
Start Renaming Generated Ports
---------------------------------------------------------------------------------
---------------------------------------------------------------------------------
Finished Renaming Generated Ports : Time (s): cpu = 00:00:20 ; elapsed = 00:00:32 . Memory (MB): peak = 1602.480 ; gain = 988.910
---------------------------------------------------------------------------------
---------------------------------------------------------------------------------
Start Handling Custom Attributes
---------------------------------------------------------------------------------
---------------------------------------------------------------------------------
Finished Handling Custom Attributes : Time (s): cpu = 00:00:20 ; elapsed = 00:00:32 . Memory (MB): peak = 1602.480 ; gain = 988.910
---------------------------------------------------------------------------------
---------------------------------------------------------------------------------
Start Renaming Generated Nets
---------------------------------------------------------------------------------
---------------------------------------------------------------------------------
Finished Renaming Generated Nets : Time (s): cpu = 00:00:20 ; elapsed = 00:00:32 . Memory (MB): peak = 1602.480 ; gain = 988.910
---------------------------------------------------------------------------------
---------------------------------------------------------------------------------
Start Writing Synthesis Report
---------------------------------------------------------------------------------

Report BlackBoxes: 
+-+--------------+----------+
| |BlackBox name |Instances |
+-+--------------+----------+
+-+--------------+----------+

Report Cell Usage: 
+------+-----+------+
|      |Cell |Count |
+------+-----+------+
|1     |LUT2 |     1|
+------+-----+------+
---------------------------------------------------------------------------------
Finished Writing Synthesis Report : Time (s): cpu = 00:00:20 ; elapsed = 00:00:32 . Memory (MB): peak = 1602.480 ; gain = 988.910
---------------------------------------------------------------------------------
Synthesis finished with 0 errors, 0 critical warnings and 1 warnings.
Synthesis Optimization Runtime : Time (s): cpu = 00:00:14 ; elapsed = 00:00:30 . Memory (MB): peak = 1602.480 ; gain = 986.984
Synthesis Optimization Complete : Time (s): cpu = 00:00:20 ; elapsed = 00:00:32 . Memory (MB): peak = 1602.480 ; gain = 988.910
INFO: [Project 1-571] Translating synthesized netlist
Netlist sorting complete. Time (s): cpu = 00:00:00 ; elapsed = 00:00:00 . Memory (MB): peak = 1602.480 ; gain = 0.000
INFO: [Project 1-570] Preparing netlist for logic optimization
INFO: [Opt 31-138] Pushed 0 inverter(s) to 0 load pin(s).
Netlist sorting complete. Time (s): cpu = 00:00:00 ; elapsed = 00:00:00 . Memory (MB): peak = 1603.414 ; gain = 0.000
INFO: [Project 1-111] Unisim Transformation Summary:
No Unisim elements were transformed.

Synth Design complete | Checksum: 784faff2
INFO: [Common 17-83] Releasing license: Synthesis
21 Infos, 6 Warnings, 0 Critical Warnings and 0 Errors encountered.
synth_design completed successfully
synth_design: Time (s): cpu = 00:00:22 ; elapsed = 00:00:41 . Memory (MB): peak = 1603.414 ; gain = 1219.355
INFO: [Common 17-1381] The checkpoint 'D:/30726/Desktop/lesson/computer_compose/project/experiment_6/project_1/project_1.runs/design_1_xor2_1_0_synth_1/design_1_xor2_1_0.dcp' has been generated.
INFO: [Vivado 12-24828] Executing command : report_utilization -file design_1_xor2_1_0_utilization_synth.rpt -pb design_1_xor2_1_0_utilization_synth.pb
INFO: [Common 17-206] Exiting Vivado at Tue Apr  1 15:31:31 2025...
